<?xml version="1.0" encoding="UTF-8"?>
<!-- Generated by org.testng.reporters.JUnitReportReporter -->
<testsuite hostname="sadaf" failures="0" tests="3" name="com.testng.interview.practice.SmokeTestWithTestNG" time="0.005" errors="0" timestamp="2022-12-18T22:56:23 EST" skipped="1">
  <testcase classname="com.testng.interview.practice.SmokeTestWithTestNG" name="getLogin" time="0.004"/>
  <system-out/>
  <testcase classname="com.testng.interview.practice.SmokeTestWithTestNG" name="getProduct" time="0.001"/>
  <system-out/>
  <testcase classname="com.testng.interview.practice.SmokeTestWithTestNG" name="getCartFunction">
    <skipped/>
  </testcase> <!-- getCartFunction -->
  <system-out/>
</testsuite> <!-- com.testng.interview.practice.SmokeTestWithTestNG -->
