<?xml version="1.0" encoding="UTF-8"?>
<!-- Generated by org.testng.reporters.JUnitReportReporter -->
<testsuite hostname="sadaf" failures="0" tests="1" name="com.generic.CostcowithTestNG" time="0.000" errors="0" timestamp="2022-12-26T10:30:31 EST" skipped="0">
  <testcase classname="com.generic.CostcowithTestNG" name="loginTest" time="0.000"/>
  <system-out/>
</testsuite> <!-- com.generic.CostcowithTestNG -->
