<?xml version="1.0" encoding="UTF-8"?>
<!-- Generated by org.testng.reporters.JUnitReportReporter -->
<testsuite hostname="sadaf" failures="0" tests="1" name="com.regression.PracticeParameterAnnotationTestNG" time="0.005" errors="0" timestamp="2022-12-26T11:31:52 EST" skipped="0">
  <testcase classname="com.regression.PracticeParameterAnnotationTestNG" name="test" time="0.005"/>
  <system-out/>
</testsuite> <!-- com.regression.PracticeParameterAnnotationTestNG -->
