<?xml version="1.0" encoding="UTF-8"?>
<!-- Generated by org.testng.reporters.JUnitReportReporter -->
<testsuite hostname="sadaf" failures="0" tests="1" name="com.cucumber.test.CucumberRunner" time="11.655" errors="0" timestamp="2022-12-18T23:13:53 EST" skipped="0">
  <testcase classname="com.cucumber.test.CucumberRunner" name="runScenario" time="11.655"/>
  <system-out/>
</testsuite> <!-- com.cucumber.test.CucumberRunner -->
